Arguments: 
  /usr/bin/node /home/dannypas00/.yarn/bin/yarn.js

PATH: 
  /home/dannypas00/.yarn/bin:/home/dannypas00/.config/yarn/global/node_modules/.bin:/usr/local/bin:/usr/bin:/usr/local/sbin:/usr/lib/jvm/default/bin:/opt/nessus/bin:/opt/nessus/sbin:/usr/bin/site_perl:/usr/bin/vendor_perl:/usr/bin/core_perl:/home/dannypas00/.local/share/gem/ruby/3.0.0/bin

Yarn version: 
  1.22.5

Node version: 
  16.3.0

Platform: 
  linux x64

Trace: 
  Error: https://registry.yarnpkg.com/coc-intelephense: Not found
      at Request.params.callback [as _callback] (/home/dannypas00/.yarn/lib/cli.js:66988:18)
      at Request.self.callback (/home/dannypas00/.yarn/lib/cli.js:140749:22)
      at Request.emit (node:events:394:28)
      at Request.<anonymous> (/home/dannypas00/.yarn/lib/cli.js:141721:10)
      at Request.emit (node:events:394:28)
      at IncomingMessage.<anonymous> (/home/dannypas00/.yarn/lib/cli.js:141643:12)
      at Object.onceWrapper (node:events:513:28)
      at IncomingMessage.emit (node:events:406:35)
      at endReadableNT (node:internal/streams/readable:1329:12)
      at processTicksAndRejections (node:internal/process/task_queues:83:21)

npm manifest: 
  {
    "dependencies": {
      "coc-json": "*",
      "coc-clangd": "*",
      "coc-css": "*",
      "coc-discord": "*",
      "coc-explorer": "*",
      "coc-git": "*",
      "coc-html": "*",
      "coc-htmlhint": "*",
      "coc-html-css-support": "*",
      "coc-intelephense": "*",
      "coc-just-complete": "*",
      "coc-markdownlint": "*",
      "coc-php-cs-fixer": "*",
      "coc-prettier": "*",
      "coc-python": "*",
      "coc-sh": "*",
      "coc-sql": "*",
      "coc-xml": "*",
      "coc-yaml": "*"
    }
  }

yarn manifest: 
  No manifest

Lockfile: 
  No lockfile
